c:\users\sony\desktop\physycs 2014\physycs 2014\release\vc120.pdb
c:\users\sony\desktop\physycs 2014\physycs 2014\release\dwindow.obj
c:\users\sony\desktop\physycs 2014\physycs 2014\release\dvector.obj
c:\users\sony\desktop\physycs 2014\physycs 2014\release\dtexture.obj
c:\users\sony\desktop\physycs 2014\physycs 2014\release\dplayer.obj
c:\users\sony\desktop\physycs 2014\physycs 2014\release\dphysicobject.obj
c:\users\sony\desktop\physycs 2014\physycs 2014\release\dobjectattrib.obj
c:\users\sony\desktop\physycs 2014\physycs 2014\release\dmodel.obj
c:\users\sony\desktop\physycs 2014\physycs 2014\release\dlevel.obj
c:\users\sony\desktop\physycs 2014\physycs 2014\release\dinterface.obj
c:\users\sony\desktop\physycs 2014\physycs 2014\release\ddrawer.obj
c:\users\sony\desktop\physycs 2014\physycs 2014\release\dcamera.obj
c:\users\sony\desktop\physycs 2014\physycs 2014\release\dbutton.obj
c:\users\sony\desktop\physycs 2014\physycs 2014.pdb
c:\users\sony\desktop\physycs 2014\physycs 2014\release\physycs 2014.tlog\cl.command.1.tlog
c:\users\sony\desktop\physycs 2014\physycs 2014\release\physycs 2014.tlog\cl.read.1.tlog
c:\users\sony\desktop\physycs 2014\physycs 2014\release\physycs 2014.tlog\cl.write.1.tlog
c:\users\sony\desktop\physycs 2014\physycs 2014\release\physycs 2014.tlog\link.command.1.tlog
c:\users\sony\desktop\physycs 2014\physycs 2014\release\physycs 2014.tlog\link.read.1.tlog
c:\users\sony\desktop\physycs 2014\physycs 2014\release\physycs 2014.tlog\link.write.1.tlog
